12/15/19 20:51:10: 重载配置成功
12/15/19 20:51:11: 链路连通
尝试
12/15/19 20:51:39: 链路连通
12/15/19 20:54:37: 链路连通
12/15/19 20:55:41: 接收数据
接收127.0.0.1:10300->30位->
12/15/19 20:55:41: 接收数据
接收127.0.0.1:10300->240位->
12/15/19 20:59:30: 链路连通
12/15/19 21:05:26: File Closed
12/22/19 21:15:49: 重载配置成功
12/22/19 21:15:49: 链路连通
尝试
12/22/19 21:15:59: 链路连通
12/22/19 21:18:38: 链路连通
12/22/19 21:21:39: 链路连通
12/22/19 21:27:29: 链路连通
12/22/19 21:43:15: 链路连通
12/22/19 21:57:55: 链路连通
12/22/19 22:01:31: 链路连通
12/22/19 22:05:05: 链路连通
12/22/19 22:06:59: File Closed
