12/15/19 20:53:15: 重载配置成功
12/15/19 20:53:17: 链路连通
尝试
12/15/19 20:53:18: 链路连通
12/15/19 20:54:33: 链路连通
12/15/19 20:55:41: 接收数据
接收127.0.0.1:50200->30位->
12/15/19 20:55:41: 接收数据
接收127.0.0.1:50200->240位->
12/15/19 20:59:28: 链路连通
12/15/19 21:05:26: File Closed
12/22/19 21:17:46: 重载配置成功
12/22/19 21:17:47: 链路连通
尝试
12/22/19 21:17:48: 链路连通
12/22/19 21:18:36: 链路连通
12/22/19 21:21:42: 链路连通
12/22/19 21:24:51: 接收数据
接收127.0.0.1:50200->96位->
12/22/19 21:27:30: 链路连通
12/22/19 21:43:22: 链路连通
12/22/19 21:57:56: 链路连通
12/22/19 22:01:30: 链路连通
12/22/19 22:05:04: 链路连通
12/22/19 22:06:59: File Closed
