12/15/19 20:52:19: 重载配置成功
12/15/19 20:52:21: 链路连通
尝试
12/15/19 20:52:22: 链路连通
12/15/19 20:54:24: 链路连通
12/15/19 20:59:24: 链路连通
12/15/19 21:05:26: File Closed
12/22/19 21:16:44: 重载配置成功
12/22/19 21:16:45: 链路连通
尝试
12/22/19 21:16:46: 链路连通
12/22/19 21:18:32: 链路连通
12/22/19 21:21:36: 链路连通
12/22/19 21:27:24: 链路连通
12/22/19 21:42:55: 链路连通
12/22/19 21:57:49: 链路连通
12/22/19 21:59:03: 接收数据
接收127.0.0.1:12502->96位->
12/22/19 21:59:05: 接收数据
接收127.0.0.1:11102->24位->
12/22/19 21:59:05: 接收数据
接收127.0.0.1:12502->8位->
12/22/19 22:01:23: 链路连通
12/22/19 22:02:07: 接收数据
接收127.0.0.1:12502->96位->
12/22/19 22:02:08: 接收数据
接收127.0.0.1:11102->24位->
12/22/19 22:02:08: 接收数据
接收127.0.0.1:12502->8位->
12/22/19 22:04:59: 链路连通
12/22/19 22:06:59: File Closed
