12/15/19 20:53:07: 重载配置成功
12/15/19 20:53:08: 链路连通
尝试
12/15/19 20:53:18: 链路连通
12/15/19 20:54:38: 链路连通
12/15/19 20:55:41: 接收数据
接收127.0.0.1:18102->30位->
12/15/19 20:55:41: 接收数据
接收127.0.0.1:18102->240位->
12/15/19 20:59:31: 链路连通
12/15/19 21:05:26: File Closed
12/22/19 21:17:38: 重载配置成功
12/22/19 21:17:39: 链路连通
尝试
12/22/19 21:17:48: 链路连通
12/22/19 21:18:39: 链路连通
12/22/19 21:21:40: 链路连通
12/22/19 21:24:51: 接收数据
接收127.0.0.1:18102->96位->
12/22/19 21:27:30: 链路连通
12/22/19 21:43:19: 链路连通
12/22/19 21:57:55: 链路连通
12/22/19 22:01:32: 链路连通
12/22/19 22:05:09: 链路连通
12/22/19 22:06:59: File Closed
