12/15/19 20:51:36: 重载配置成功
12/15/19 20:51:38: 链路连通
尝试
12/15/19 20:51:39: 链路连通
12/15/19 20:54:23: 链路连通
12/15/19 20:55:41: 接收数据
接收127.0.0.1:15100->30位->
12/15/19 20:55:41: 接收数据
接收127.0.0.1:15100->240位->
12/15/19 20:59:23: 链路连通
12/15/19 21:05:26: File Closed
12/22/19 21:15:57: 重载配置成功
12/22/19 21:15:58: 链路连通
尝试
12/22/19 21:15:59: 链路连通
12/22/19 21:18:28: 链路连通
12/22/19 21:21:35: 链路连通
12/22/19 21:27:23: 链路连通
12/22/19 21:43:12: 链路连通
12/22/19 21:57:53: 链路连通
12/22/19 22:01:27: 链路连通
12/22/19 22:05:04: 链路连通
12/22/19 22:06:59: File Closed
