12/15/19 20:52:12: 重载配置成功
12/15/19 20:52:13: 链路连通
尝试
12/15/19 20:52:22: 链路连通
12/15/19 20:54:38: 链路连通
12/15/19 20:59:31: 链路连通
12/15/19 21:05:26: File Closed
12/22/19 21:16:37: 重载配置成功
12/22/19 21:16:38: 链路连通
尝试
12/22/19 21:16:46: 链路连通
12/22/19 21:18:39: 链路连通
12/22/19 21:21:40: 链路连通
12/22/19 21:27:30: 链路连通
12/22/19 21:43:19: 链路连通
12/22/19 21:57:55: 链路连通
12/22/19 21:59:03: 接收数据
接收127.0.0.1:12102->96位->
12/22/19 21:59:05: 接收数据
接收127.0.0.1:20100->24位->
12/22/19 21:59:05: 接收数据
接收127.0.0.1:12102->8位->
12/22/19 22:01:32: 链路连通
12/22/19 22:02:07: 接收数据
接收127.0.0.1:12102->96位->
12/22/19 22:02:08: 接收数据
接收127.0.0.1:20100->24位->
12/22/19 22:02:08: 接收数据
接收127.0.0.1:12102->8位->
12/22/19 22:05:09: 链路连通
12/22/19 22:06:59: File Closed
